Daemon process terminated and closed the connection

Messages from the log:
  code: 'EADDRINUSE',
  errno: -4091,
  syscall: 'listen',
  address: '\\\\.\\pipe\\nx\\C:\\Users\\Rikky\\AppData\\Local\\Temp\\81cef1aa8aa1b9c218a4\\d.sock',
  port: -1
}

Node.js v20.9.0
[NX Daemon Server] - 2024-07-17T19:41:07.294Z - [REQUEST]: Updated workspace context based on watched changes, recomputing project graph...
[NX Daemon Server] - 2024-07-17T19:41:07.294Z - [REQUEST]: 
[NX Daemon Server] - 2024-07-17T19:41:07.294Z - [REQUEST]: 
[NX Daemon Server] - 2024-07-17T19:41:10.658Z - [REQUEST]: Responding to the client. recordOutputsHash
[NX Daemon Server] - 2024-07-17T19:41:10.659Z - Time taken for 'Load Nx Plugin: D:\prisma-todo-list\node_modules\nx\src\plugins\project-json\build-nodes\package-json-next-to-project-json' 535.9413999999999ms
[NX Daemon Server] - 2024-07-17T19:41:10.663Z - [WATCHER]: .nx/workspace-data/d/server-process.json was modified
[NX Daemon Server] - 2024-07-17T19:41:10.664Z - Done responding to the client recordOutputsHash
[NX Daemon Server] - 2024-07-17T19:41:10.664Z - Handled RECORD_OUTPUTS_HASH. Handling time: 0. Response time: 6.
[NX Daemon Server] - 2024-07-17T19:41:10.664Z - [WATCHER]: Stopping the watcher for D:\prisma-todo-list (sources)
[NX Daemon Server] - 2024-07-17T19:41:10.665Z - [WATCHER]: Stopping the watcher for D:\prisma-todo-list (outputs)
[NX Daemon Server] - 2024-07-17T19:41:10.665Z - Server stopped because: "this process is no longer the current daemon (native)"



More information: d:\prisma-todo-list\.nx\workspace-data\d\daemon.log